INFO 2025-09-21 21:40:44,180 autoreload 9248 17272 Watching for file changes with StatReloader
INFO 2025-09-21 21:43:30,490 autoreload 3948 20372 Watching for file changes with StatReloader
INFO 2025-09-21 21:47:10,758 autoreload 18288 10632 Watching for file changes with StatReloader
WARNING 2025-09-21 21:47:20,059 log 18288 10332 Not Found: /
WARNING 2025-09-21 21:47:20,237 log 18288 10332 Not Found: /favicon.ico
ERROR 2025-09-21 23:11:41,745 exception 18288 19092 Invalid HTTP_HOST header: '10.0.2.2:8000'. You may need to add '10.0.2.2' to ALLOWED_HOSTS.
Traceback (most recent call last):
  File "C:\Users\MatiB\AndroidStudioProjects\Nonna\backend\venv\Lib\site-packages\django\core\handlers\exception.py", line 55, in inner
    response = get_response(request)
  File "C:\Users\MatiB\AndroidStudioProjects\Nonna\backend\venv\Lib\site-packages\django\utils\deprecation.py", line 133, in __call__
    response = self.process_request(request)
  File "C:\Users\MatiB\AndroidStudioProjects\Nonna\backend\venv\Lib\site-packages\django\middleware\common.py", line 48, in process_request
    host = request.get_host()
  File "C:\Users\MatiB\AndroidStudioProjects\Nonna\backend\venv\Lib\site-packages\django\http\request.py", line 150, in get_host
    raise DisallowedHost(msg)
django.core.exceptions.DisallowedHost: Invalid HTTP_HOST header: '10.0.2.2:8000'. You may need to add '10.0.2.2' to ALLOWED_HOSTS.
WARNING 2025-09-21 23:11:41,957 log 18288 19092 Bad Request: /api/auth/login
ERROR 2025-09-21 23:12:13,551 exception 18288 14736 Invalid HTTP_HOST header: '10.0.2.2:8000'. You may need to add '10.0.2.2' to ALLOWED_HOSTS.
Traceback (most recent call last):
  File "C:\Users\MatiB\AndroidStudioProjects\Nonna\backend\venv\Lib\site-packages\django\core\handlers\exception.py", line 55, in inner
    response = get_response(request)
  File "C:\Users\MatiB\AndroidStudioProjects\Nonna\backend\venv\Lib\site-packages\django\utils\deprecation.py", line 133, in __call__
    response = self.process_request(request)
  File "C:\Users\MatiB\AndroidStudioProjects\Nonna\backend\venv\Lib\site-packages\django\middleware\common.py", line 48, in process_request
    host = request.get_host()
  File "C:\Users\MatiB\AndroidStudioProjects\Nonna\backend\venv\Lib\site-packages\django\http\request.py", line 150, in get_host
    raise DisallowedHost(msg)
django.core.exceptions.DisallowedHost: Invalid HTTP_HOST header: '10.0.2.2:8000'. You may need to add '10.0.2.2' to ALLOWED_HOSTS.
WARNING 2025-09-21 23:12:13,572 log 18288 14736 Bad Request: /api/auth/login
ERROR 2025-09-21 23:12:56,924 exception 18288 11628 Invalid HTTP_HOST header: '10.0.2.2:8000'. You may need to add '10.0.2.2' to ALLOWED_HOSTS.
Traceback (most recent call last):
  File "C:\Users\MatiB\AndroidStudioProjects\Nonna\backend\venv\Lib\site-packages\django\core\handlers\exception.py", line 55, in inner
    response = get_response(request)
  File "C:\Users\MatiB\AndroidStudioProjects\Nonna\backend\venv\Lib\site-packages\django\utils\deprecation.py", line 133, in __call__
    response = self.process_request(request)
  File "C:\Users\MatiB\AndroidStudioProjects\Nonna\backend\venv\Lib\site-packages\django\middleware\common.py", line 48, in process_request
    host = request.get_host()
  File "C:\Users\MatiB\AndroidStudioProjects\Nonna\backend\venv\Lib\site-packages\django\http\request.py", line 150, in get_host
    raise DisallowedHost(msg)
django.core.exceptions.DisallowedHost: Invalid HTTP_HOST header: '10.0.2.2:8000'. You may need to add '10.0.2.2' to ALLOWED_HOSTS.
WARNING 2025-09-21 23:12:56,941 log 18288 11628 Bad Request: /api/auth/login
INFO 2025-09-21 23:17:15,236 autoreload 18288 10632 C:\Users\MatiB\AndroidStudioProjects\Nonna\backend\nonna_backend\settings.py changed, reloading.
INFO 2025-09-21 23:17:16,714 autoreload 19568 15528 Watching for file changes with StatReloader
INFO 2025-09-21 23:18:57,086 autoreload 19568 15528 C:\Users\MatiB\AndroidStudioProjects\Nonna\backend\nonna_backend\settings.py changed, reloading.
INFO 2025-09-21 23:18:58,099 autoreload 10072 3832 Watching for file changes with StatReloader
ERROR 2025-09-21 23:20:55,100 exception 10072 15328 Invalid HTTP_HOST header: '10.0.2.2:8000'. You may need to add '10.0.2.2' to ALLOWED_HOSTS.
Traceback (most recent call last):
  File "C:\Users\MatiB\AndroidStudioProjects\Nonna\backend\venv\Lib\site-packages\django\core\handlers\exception.py", line 55, in inner
    response = get_response(request)
  File "C:\Users\MatiB\AndroidStudioProjects\Nonna\backend\venv\Lib\site-packages\django\utils\deprecation.py", line 133, in __call__
    response = self.process_request(request)
  File "C:\Users\MatiB\AndroidStudioProjects\Nonna\backend\venv\Lib\site-packages\django\middleware\common.py", line 48, in process_request
    host = request.get_host()
  File "C:\Users\MatiB\AndroidStudioProjects\Nonna\backend\venv\Lib\site-packages\django\http\request.py", line 150, in get_host
    raise DisallowedHost(msg)
django.core.exceptions.DisallowedHost: Invalid HTTP_HOST header: '10.0.2.2:8000'. You may need to add '10.0.2.2' to ALLOWED_HOSTS.
WARNING 2025-09-21 23:20:55,136 log 10072 15328 Bad Request: /api/auth/login
INFO 2025-09-21 23:30:41,327 autoreload 10072 3832 C:\Users\MatiB\AndroidStudioProjects\Nonna\backend\nonna_backend\settings.py changed, reloading.
INFO 2025-09-21 23:30:42,413 autoreload 6056 5224 Watching for file changes with StatReloader
INFO 2025-09-21 23:30:53,440 autoreload 6056 5224 C:\Users\MatiB\AndroidStudioProjects\Nonna\backend\nonna_backend\settings.py changed, reloading.
INFO 2025-09-21 23:30:54,306 autoreload 3920 13476 Watching for file changes with StatReloader
ERROR 2025-09-21 23:31:48,060 exception 3920 15372 Invalid HTTP_HOST header: '10.0.2.2:8000'. You may need to add '10.0.2.2' to ALLOWED_HOSTS.
Traceback (most recent call last):
  File "C:\Users\MatiB\AndroidStudioProjects\Nonna\backend\venv\Lib\site-packages\django\core\handlers\exception.py", line 55, in inner
    response = get_response(request)
  File "C:\Users\MatiB\AndroidStudioProjects\Nonna\backend\venv\Lib\site-packages\django\utils\deprecation.py", line 133, in __call__
    response = self.process_request(request)
  File "C:\Users\MatiB\AndroidStudioProjects\Nonna\backend\venv\Lib\site-packages\django\middleware\common.py", line 48, in process_request
    host = request.get_host()
  File "C:\Users\MatiB\AndroidStudioProjects\Nonna\backend\venv\Lib\site-packages\django\http\request.py", line 150, in get_host
    raise DisallowedHost(msg)
django.core.exceptions.DisallowedHost: Invalid HTTP_HOST header: '10.0.2.2:8000'. You may need to add '10.0.2.2' to ALLOWED_HOSTS.
WARNING 2025-09-21 23:31:48,100 log 3920 15372 Bad Request: /api/auth/login/
INFO 2025-09-21 23:34:53,796 autoreload 1168 16148 Watching for file changes with StatReloader
ERROR 2025-09-21 23:35:18,127 exception 1168 6496 Invalid HTTP_HOST header: '10.0.2.2:8000'. You may need to add '10.0.2.2' to ALLOWED_HOSTS.
Traceback (most recent call last):
  File "C:\Users\MatiB\AppData\Roaming\Python\Python313\site-packages\django\core\handlers\exception.py", line 55, in inner
    response = get_response(request)
  File "C:\Users\MatiB\AppData\Roaming\Python\Python313\site-packages\django\utils\deprecation.py", line 133, in __call__
    response = self.process_request(request)
  File "C:\Users\MatiB\AppData\Roaming\Python\Python313\site-packages\django\middleware\common.py", line 48, in process_request
    host = request.get_host()
  File "C:\Users\MatiB\AppData\Roaming\Python\Python313\site-packages\django\http\request.py", line 150, in get_host
    raise DisallowedHost(msg)
django.core.exceptions.DisallowedHost: Invalid HTTP_HOST header: '10.0.2.2:8000'. You may need to add '10.0.2.2' to ALLOWED_HOSTS.
WARNING 2025-09-21 23:35:18,244 log 1168 6496 Bad Request: /api/auth/login/
INFO 2025-09-21 23:46:10,813 autoreload 4288 19428 Watching for file changes with StatReloader
WARNING 2025-09-21 23:57:01,093 log 4288 9496 Bad Request: /api/auth/login/
WARNING 2025-09-22 00:10:40,375 log 4288 13792 Not Found: /api/vaults/
WARNING 2025-09-22 00:10:46,915 log 4288 13792 Not Found: /api/vaults/
WARNING 2025-09-22 00:10:50,458 log 4288 13792 Not Found: /api/vaults/
WARNING 2025-09-22 00:10:54,969 log 4288 13792 Not Found: /api/vaults/
WARNING 2025-09-22 00:11:22,073 log 4288 13792 Not Found: /api/vaults/
WARNING 2025-09-22 00:11:25,174 log 4288 13792 Not Found: /api/vaults/
INFO 2025-09-22 00:23:47,041 autoreload 4288 19428 C:\Users\MatiB\AndroidStudioProjects\Nonna\backend\apps\accounts\views.py changed, reloading.
INFO 2025-09-22 00:23:48,187 autoreload 10448 5032 Watching for file changes with StatReloader
INFO 2025-09-22 00:23:59,236 autoreload 10448 5032 C:\Users\MatiB\AndroidStudioProjects\Nonna\backend\apps\accounts\views.py changed, reloading.
INFO 2025-09-22 00:24:00,119 autoreload 5796 19568 Watching for file changes with StatReloader
INFO 2025-09-22 00:24:07,954 autoreload 5796 19568 C:\Users\MatiB\AndroidStudioProjects\Nonna\backend\apps\accounts\urls.py changed, reloading.
INFO 2025-09-22 00:24:08,831 autoreload 23064 22760 Watching for file changes with StatReloader
INFO 2025-09-22 15:15:58,091 autoreload 292 15760 Watching for file changes with StatReloader
INFO 2025-09-22 15:16:27,503 autoreload 21608 10440 Watching for file changes with StatReloader
INFO 2025-09-22 15:20:23,401 autoreload 11596 19728 Watching for file changes with StatReloader
INFO 2025-09-22 15:23:47,948 autoreload 9120 5880 Watching for file changes with StatReloader
WARNING 2025-09-22 15:23:59,494 log 9120 13564 Not Found: /favicon.ico
WARNING 2025-09-22 15:24:06,752 log 9120 27188 Unauthorized: /api/auth/vaults/
INFO 2025-09-22 15:33:11,874 autoreload 9120 5880 C:\Users\EsePapuMisterioso\AndroidStudioProjects\Nonna\backend\apps\memories\views.py changed, reloading.
INFO 2025-09-22 15:33:12,444 autoreload 14580 10956 Watching for file changes with StatReloader
INFO 2025-09-22 15:33:24,231 autoreload 14580 10956 C:\Users\EsePapuMisterioso\AndroidStudioProjects\Nonna\backend\apps\memories\urls.py changed, reloading.
INFO 2025-09-22 15:33:24,694 autoreload 27048 5056 Watching for file changes with StatReloader
INFO 2025-09-22 15:34:23,229 autoreload 27048 5056 C:\Users\EsePapuMisterioso\AndroidStudioProjects\Nonna\backend\apps\memories\views.py changed, reloading.
INFO 2025-09-22 15:34:23,765 autoreload 4068 13408 Watching for file changes with StatReloader
WARNING 2025-09-22 16:20:54,041 log 4068 18060 Not Found: /api/vaults/
WARNING 2025-09-22 16:26:42,638 log 4068 10100 Not Found: /api/vaults/
WARNING 2025-09-22 16:31:38,336 log 4068 11964 Not Found: /api/vaults/
WARNING 2025-09-22 16:32:18,711 log 4068 11964 Not Found: /api/vaults/
INFO 2025-09-22 16:33:08,680 autoreload 4068 13408 C:\Users\EsePapuMisterioso\AndroidStudioProjects\Nonna\backend\nonna_backend\urls.py changed, reloading.
INFO 2025-09-22 16:33:09,354 autoreload 24888 23052 Watching for file changes with StatReloader
INFO 2025-09-22 16:33:40,882 autoreload 24888 23052 C:\Users\EsePapuMisterioso\AndroidStudioProjects\Nonna\backend\nonna_backend\urls.py changed, reloading.
INFO 2025-09-22 16:33:41,359 autoreload 5964 4384 Watching for file changes with StatReloader
WARNING 2025-09-22 16:34:15,379 log 5964 16992 Not Found: /api/vaults/
INFO 2025-09-24 15:41:35,041 autoreload 2128 9124 Watching for file changes with StatReloader
WARNING 2025-09-24 15:42:19,517 log 2128 20452 Not Found: /api/vaults/
INFO 2025-09-24 15:42:56,337 autoreload 2128 9124 C:\Users\EsePapuMisterioso\AndroidStudioProjects\Nonna\backend\apps\memories\views.py changed, reloading.
INFO 2025-09-24 15:42:57,284 autoreload 25680 6028 Watching for file changes with StatReloader
INFO 2025-09-24 15:43:48,278 autoreload 25680 6028 C:\Users\EsePapuMisterioso\AndroidStudioProjects\Nonna\backend\nonna_backend\urls.py changed, reloading.
INFO 2025-09-24 15:43:48,841 autoreload 28100 20264 Watching for file changes with StatReloader
INFO 2025-09-24 15:44:45,583 autoreload 28100 20264 C:\Users\EsePapuMisterioso\AndroidStudioProjects\Nonna\backend\nonna_backend\urls.py changed, reloading.
INFO 2025-09-24 15:44:46,142 autoreload 26768 27132 Watching for file changes with StatReloader
WARNING 2025-09-24 15:45:31,250 log 26768 12268 Unauthorized: /api/vaults/
WARNING 2025-09-24 15:45:55,914 log 26768 12268 Unauthorized: /api/vaults/
WARNING 2025-09-24 16:06:56,797 log 26768 25652 Not Found: /api/auth/
WARNING 2025-09-24 16:15:37,218 log 26768 392 Bad Request: /api/memories/
